0 info it worked if it ends with ok
1 verbose cli [ '/usr/local/bin/node',
1 verbose cli   '/usr/local/bin/npm',
1 verbose cli   'install',
1 verbose cli   '-g',
1 verbose cli   'cordova',
1 verbose cli   'ionic' ]
2 info using npm@3.10.10
3 info using node@v6.10.3
4 silly loadCurrentTree Starting
5 silly install loadCurrentTree
6 silly install readGlobalPackageData
7 silly fetchPackageMetaData cordova
8 silly fetchPackageMetaData ionic
9 silly fetchNamedPackageData cordova
10 silly mapToRegistry name cordova
11 silly mapToRegistry using default registry
12 silly mapToRegistry registry https://devops-tools.pearson.com/nexus-deps/content/repositories/npm-all
13 silly mapToRegistry data Result {
13 silly mapToRegistry   raw: 'cordova',
13 silly mapToRegistry   scope: null,
13 silly mapToRegistry   escapedName: 'cordova',
13 silly mapToRegistry   name: 'cordova',
13 silly mapToRegistry   rawSpec: '',
13 silly mapToRegistry   spec: 'latest',
13 silly mapToRegistry   type: 'tag' }
14 silly mapToRegistry uri https://devops-tools.pearson.com/nexus-deps/content/repositories/npm-all/cordova
15 silly fetchNamedPackageData ionic
16 silly mapToRegistry name ionic
17 silly mapToRegistry using default registry
18 silly mapToRegistry registry https://devops-tools.pearson.com/nexus-deps/content/repositories/npm-all
19 silly mapToRegistry data Result {
19 silly mapToRegistry   raw: 'ionic',
19 silly mapToRegistry   scope: null,
19 silly mapToRegistry   escapedName: 'ionic',
19 silly mapToRegistry   name: 'ionic',
19 silly mapToRegistry   rawSpec: '',
19 silly mapToRegistry   spec: 'latest',
19 silly mapToRegistry   type: 'tag' }
20 silly mapToRegistry uri https://devops-tools.pearson.com/nexus-deps/content/repositories/npm-all/ionic
21 verbose request uri https://devops-tools.pearson.com/nexus-deps/content/repositories/npm-all/cordova
22 verbose request always-auth set; sending authorization
23 info attempt registry request try #1 at 2:57:20 PM
24 verbose request id 85f8d192f0ede0ce
25 http request GET https://devops-tools.pearson.com/nexus-deps/content/repositories/npm-all/cordova
26 verbose request uri https://devops-tools.pearson.com/nexus-deps/content/repositories/npm-all/ionic
27 verbose request always-auth set; sending authorization
28 info attempt registry request try #1 at 2:57:20 PM
29 http request GET https://devops-tools.pearson.com/nexus-deps/content/repositories/npm-all/ionic
30 http 401 https://devops-tools.pearson.com/nexus-deps/content/repositories/npm-all/ionic
31 verbose headers { date: 'Fri, 19 May 2017 09:27:11 GMT',
31 verbose headers   server: 'Nexus/2.11.3-01',
31 verbose headers   'x-frame-options': 'SAMEORIGIN',
31 verbose headers   'x-content-type-options': 'nosniff',
31 verbose headers   'www-authenticate': 'BASIC realm="Sonatype Nexus Repository Manager"',
31 verbose headers   connection: 'close',
31 verbose headers   'transfer-encoding': 'chunked',
31 verbose headers   'content-type': 'text/plain; charset=UTF-8' }
32 silly get cb [ 401,
32 silly get   { date: 'Fri, 19 May 2017 09:27:11 GMT',
32 silly get     server: 'Nexus/2.11.3-01',
32 silly get     'x-frame-options': 'SAMEORIGIN',
32 silly get     'x-content-type-options': 'nosniff',
32 silly get     'www-authenticate': 'BASIC realm="Sonatype Nexus Repository Manager"',
32 silly get     connection: 'close',
32 silly get     'transfer-encoding': 'chunked',
32 silly get     'content-type': 'text/plain; charset=UTF-8' } ]
33 silly fetchPackageMetaData Error: 401 Unauthorized
33 silly fetchPackageMetaData     at makeError (/usr/local/lib/node_modules/npm/node_modules/npm-registry-client/lib/request.js:302:12)
33 silly fetchPackageMetaData     at CachingRegistryClient.<anonymous> (/usr/local/lib/node_modules/npm/node_modules/npm-registry-client/lib/request.js:253:9)
33 silly fetchPackageMetaData     at Request._callback (/usr/local/lib/node_modules/npm/node_modules/npm-registry-client/lib/request.js:210:14)
33 silly fetchPackageMetaData     at Request.self.callback (/usr/local/lib/node_modules/npm/node_modules/request/request.js:187:22)
33 silly fetchPackageMetaData     at emitTwo (events.js:106:13)
33 silly fetchPackageMetaData     at Request.emit (events.js:191:7)
33 silly fetchPackageMetaData     at Request.<anonymous> (/usr/local/lib/node_modules/npm/node_modules/request/request.js:1048:10)
33 silly fetchPackageMetaData     at emitOne (events.js:96:13)
33 silly fetchPackageMetaData     at Request.emit (events.js:188:7)
33 silly fetchPackageMetaData     at IncomingMessage.<anonymous> (/usr/local/lib/node_modules/npm/node_modules/request/request.js:969:12)
33 silly fetchPackageMetaData  error for ionic { Error: 401 Unauthorized
33 silly fetchPackageMetaData     at makeError (/usr/local/lib/node_modules/npm/node_modules/npm-registry-client/lib/request.js:302:12)
33 silly fetchPackageMetaData     at CachingRegistryClient.<anonymous> (/usr/local/lib/node_modules/npm/node_modules/npm-registry-client/lib/request.js:253:9)
33 silly fetchPackageMetaData     at Request._callback (/usr/local/lib/node_modules/npm/node_modules/npm-registry-client/lib/request.js:210:14)
33 silly fetchPackageMetaData     at Request.self.callback (/usr/local/lib/node_modules/npm/node_modules/request/request.js:187:22)
33 silly fetchPackageMetaData     at emitTwo (events.js:106:13)
33 silly fetchPackageMetaData     at Request.emit (events.js:191:7)
33 silly fetchPackageMetaData     at Request.<anonymous> (/usr/local/lib/node_modules/npm/node_modules/request/request.js:1048:10)
33 silly fetchPackageMetaData     at emitOne (events.js:96:13)
33 silly fetchPackageMetaData     at Request.emit (events.js:188:7)
33 silly fetchPackageMetaData     at IncomingMessage.<anonymous> (/usr/local/lib/node_modules/npm/node_modules/request/request.js:969:12) statusCode: 401, code: 'E401' }
34 http 401 https://devops-tools.pearson.com/nexus-deps/content/repositories/npm-all/cordova
35 verbose headers { date: 'Fri, 19 May 2017 09:27:11 GMT',
35 verbose headers   server: 'Nexus/2.11.3-01',
35 verbose headers   'x-frame-options': 'SAMEORIGIN',
35 verbose headers   'x-content-type-options': 'nosniff',
35 verbose headers   'www-authenticate': 'BASIC realm="Sonatype Nexus Repository Manager"',
35 verbose headers   connection: 'close',
35 verbose headers   'transfer-encoding': 'chunked',
35 verbose headers   'content-type': 'text/plain; charset=UTF-8' }
36 silly get cb [ 401,
36 silly get   { date: 'Fri, 19 May 2017 09:27:11 GMT',
36 silly get     server: 'Nexus/2.11.3-01',
36 silly get     'x-frame-options': 'SAMEORIGIN',
36 silly get     'x-content-type-options': 'nosniff',
36 silly get     'www-authenticate': 'BASIC realm="Sonatype Nexus Repository Manager"',
36 silly get     connection: 'close',
36 silly get     'transfer-encoding': 'chunked',
36 silly get     'content-type': 'text/plain; charset=UTF-8' } ]
37 silly fetchPackageMetaData Error: 401 Unauthorized
37 silly fetchPackageMetaData     at makeError (/usr/local/lib/node_modules/npm/node_modules/npm-registry-client/lib/request.js:302:12)
37 silly fetchPackageMetaData     at CachingRegistryClient.<anonymous> (/usr/local/lib/node_modules/npm/node_modules/npm-registry-client/lib/request.js:253:9)
37 silly fetchPackageMetaData     at Request._callback (/usr/local/lib/node_modules/npm/node_modules/npm-registry-client/lib/request.js:210:14)
37 silly fetchPackageMetaData     at Request.self.callback (/usr/local/lib/node_modules/npm/node_modules/request/request.js:187:22)
37 silly fetchPackageMetaData     at emitTwo (events.js:106:13)
37 silly fetchPackageMetaData     at Request.emit (events.js:191:7)
37 silly fetchPackageMetaData     at Request.<anonymous> (/usr/local/lib/node_modules/npm/node_modules/request/request.js:1048:10)
37 silly fetchPackageMetaData     at emitOne (events.js:96:13)
37 silly fetchPackageMetaData     at Request.emit (events.js:188:7)
37 silly fetchPackageMetaData     at IncomingMessage.<anonymous> (/usr/local/lib/node_modules/npm/node_modules/request/request.js:969:12)
37 silly fetchPackageMetaData  error for cordova { Error: 401 Unauthorized
37 silly fetchPackageMetaData     at makeError (/usr/local/lib/node_modules/npm/node_modules/npm-registry-client/lib/request.js:302:12)
37 silly fetchPackageMetaData     at CachingRegistryClient.<anonymous> (/usr/local/lib/node_modules/npm/node_modules/npm-registry-client/lib/request.js:253:9)
37 silly fetchPackageMetaData     at Request._callback (/usr/local/lib/node_modules/npm/node_modules/npm-registry-client/lib/request.js:210:14)
37 silly fetchPackageMetaData     at Request.self.callback (/usr/local/lib/node_modules/npm/node_modules/request/request.js:187:22)
37 silly fetchPackageMetaData     at emitTwo (events.js:106:13)
37 silly fetchPackageMetaData     at Request.emit (events.js:191:7)
37 silly fetchPackageMetaData     at Request.<anonymous> (/usr/local/lib/node_modules/npm/node_modules/request/request.js:1048:10)
37 silly fetchPackageMetaData     at emitOne (events.js:96:13)
37 silly fetchPackageMetaData     at Request.emit (events.js:188:7)
37 silly fetchPackageMetaData     at IncomingMessage.<anonymous> (/usr/local/lib/node_modules/npm/node_modules/request/request.js:969:12) statusCode: 401, code: 'E401' }
38 silly rollbackFailedOptional Starting
39 silly rollbackFailedOptional Finishing
40 silly runTopLevelLifecycles Finishing
41 silly install printInstalled
42 verbose stack Error: 401 Unauthorized
42 verbose stack     at makeError (/usr/local/lib/node_modules/npm/node_modules/npm-registry-client/lib/request.js:302:12)
42 verbose stack     at CachingRegistryClient.<anonymous> (/usr/local/lib/node_modules/npm/node_modules/npm-registry-client/lib/request.js:253:9)
42 verbose stack     at Request._callback (/usr/local/lib/node_modules/npm/node_modules/npm-registry-client/lib/request.js:210:14)
42 verbose stack     at Request.self.callback (/usr/local/lib/node_modules/npm/node_modules/request/request.js:187:22)
42 verbose stack     at emitTwo (events.js:106:13)
42 verbose stack     at Request.emit (events.js:191:7)
42 verbose stack     at Request.<anonymous> (/usr/local/lib/node_modules/npm/node_modules/request/request.js:1048:10)
42 verbose stack     at emitOne (events.js:96:13)
42 verbose stack     at Request.emit (events.js:188:7)
42 verbose stack     at IncomingMessage.<anonymous> (/usr/local/lib/node_modules/npm/node_modules/request/request.js:969:12)
43 verbose statusCode 401
44 verbose cwd /Users/vchans5/Documents/Projects/Node-SPDC-Server/SPDS-Server
45 error Darwin 16.3.0
46 error argv "/usr/local/bin/node" "/usr/local/bin/npm" "install" "-g" "cordova" "ionic"
47 error node v6.10.3
48 error npm  v3.10.10
49 error code E401
50 error 401 Unauthorized
51 error If you need help, you may report this error at:
51 error     <https://github.com/npm/npm/issues>
52 verbose exit [ 1, true ]
